2017-03-17 12:43:58 - PHP Notice:  Undefined variable: url in /home/seomax/public_html/tek/catalog/controller/information/prices.php on line 93
2017-03-20 6:20:29 - PHP Notice:  Undefined variable: albums in /home/seomax/public_html/tek/catalog/view/theme/srub/template/information/category_prices.tpl on line 61
2017-03-20 6:20:29 - PHP Warning:  Invalid argument supplied for foreach() in /home/seomax/public_html/tek/catalog/view/theme/srub/template/information/category_prices.tpl on line 61
2017-03-20 6:56:28 - PHP Notice:  Undefined variable: albums in /home/seomax/public_html/tek/catalog/view/theme/srub/template/information/category_prices.tpl on line 61
2017-03-20 6:56:28 - PHP Warning:  Invalid argument supplied for foreach() in /home/seomax/public_html/tek/catalog/view/theme/srub/template/information/category_prices.tpl on line 61
2017-03-20 6:58:16 - PHP Notice:  Undefined variable: albums in /home/seomax/public_html/tek/catalog/view/theme/srub/template/information/category_prices.tpl on line 61
2017-03-20 6:58:16 - PHP Warning:  Invalid argument supplied for foreach() in /home/seomax/public_html/tek/catalog/view/theme/srub/template/information/category_prices.tpl on line 61
2017-03-20 7:12:51 - PHP Notice:  Undefined variable: back_prices in /home/seomax/public_html/tek/catalog/view/theme/srub/template/information/lumber_info.tpl on line 53
2017-03-20 8:04:46 - PHP Notice:  Undefined variable: back_prices in /home/seomax/public_html/tek/catalog/view/theme/srub/template/information/lumber_info.tpl on line 53
2017-03-20 8:05:21 - PHP Notice:  Undefined variable: back_prices in /home/seomax/public_html/tek/catalog/view/theme/srub/template/information/lumber_info.tpl on line 53
2017-03-20 8:08:29 - PHP Notice:  Undefined variable: back_prices in /home/seomax/public_html/tek/catalog/view/theme/srub/template/information/lumber_info.tpl on line 53
2017-03-20 8:08:53 - PHP Notice:  Undefined variable: back_prices in /home/seomax/public_html/tek/catalog/view/theme/srub/template/information/lumber_info.tpl on line 53
2017-03-20 8:09:29 - PHP Notice:  Undefined variable: back_prices in /home/seomax/public_html/tek/catalog/view/theme/srub/template/information/lumber_info.tpl on line 53
2017-03-20 8:09:29 - PHP Notice:  Undefined variable: back_prices in /home/seomax/public_html/tek/catalog/view/theme/srub/template/information/lumber_info.tpl on line 53
2017-03-20 8:09:35 - PHP Notice:  Undefined variable: back_prices in /home/seomax/public_html/tek/catalog/view/theme/srub/template/information/lumber_info.tpl on line 53
2017-03-20 8:09:35 - PHP Notice:  Undefined variable: back_prices in /home/seomax/public_html/tek/catalog/view/theme/srub/template/information/lumber_info.tpl on line 53
2017-03-20 8:10:21 - PHP Notice:  Undefined variable: back_prices in /home/seomax/public_html/tek/catalog/view/theme/srub/template/information/lumber_info.tpl on line 53
2017-03-20 8:11:33 - PHP Notice:  Undefined variable: back_prices in /home/seomax/public_html/tek/catalog/view/theme/srub/template/information/lumber_info.tpl on line 53
2017-03-20 8:11:35 - PHP Notice:  Undefined variable: back_prices in /home/seomax/public_html/tek/catalog/view/theme/srub/template/information/lumber_info.tpl on line 53
2017-03-20 8:11:36 - PHP Notice:  Undefined variable: back_prices in /home/seomax/public_html/tek/catalog/view/theme/srub/template/information/lumber_info.tpl on line 53
2017-03-20 8:11:44 - PHP Notice:  Undefined variable: back_prices in /home/seomax/public_html/tek/catalog/view/theme/srub/template/information/lumber_info.tpl on line 53
2017-03-20 8:12:50 - PHP Notice:  Undefined variable: back_prices in /home/seomax/public_html/tek/catalog/view/theme/srub/template/information/lumber_info.tpl on line 53
2017-03-20 8:12:51 - PHP Notice:  Undefined variable: back_prices in /home/seomax/public_html/tek/catalog/view/theme/srub/template/information/lumber_info.tpl on line 53
2017-03-20 8:13:02 - PHP Notice:  Undefined variable: back_prices in /home/seomax/public_html/tek/catalog/view/theme/srub/template/information/lumber_info.tpl on line 53
2017-03-20 8:13:31 - PHP Notice:  Undefined variable: back_prices in /home/seomax/public_html/tek/catalog/view/theme/srub/template/information/lumber_info.tpl on line 53
2017-03-20 8:16:13 - PHP Notice:  Undefined variable: back_prices in /home/seomax/public_html/tek/catalog/view/theme/srub/template/information/lumber_info.tpl on line 53
2017-03-20 8:16:40 - PHP Notice:  Undefined variable: albums in /home/seomax/public_html/tek/catalog/view/theme/srub/template/information/category_prices.tpl on line 61
2017-03-20 8:16:40 - PHP Warning:  Invalid argument supplied for foreach() in /home/seomax/public_html/tek/catalog/view/theme/srub/template/information/category_prices.tpl on line 61
2017-03-20 8:16:43 - PHP Notice:  Undefined variable: albums in /home/seomax/public_html/tek/catalog/view/theme/srub/template/information/category_prices.tpl on line 61
2017-03-20 8:16:43 - PHP Warning:  Invalid argument supplied for foreach() in /home/seomax/public_html/tek/catalog/view/theme/srub/template/information/category_prices.tpl on line 61
2017-03-20 8:18:36 - PHP Notice:  Undefined variable: albums in /home/seomax/public_html/tek/catalog/view/theme/srub/template/information/category_prices.tpl on line 56
2017-03-20 8:23:13 - PHP Notice:  Undefined variable: back_prices in /home/seomax/public_html/tek/catalog/view/theme/srub/template/information/lumber_info.tpl on line 53
2017-03-20 8:23:51 - PHP Notice:  Undefined variable: back_prices in /home/seomax/public_html/tek/catalog/view/theme/srub/template/information/lumber_info.tpl on line 53
2017-03-20 8:23:56 - PHP Notice:  Undefined variable: back_prices in /home/seomax/public_html/tek/catalog/view/theme/srub/template/information/lumber_info.tpl on line 53
2017-03-20 8:24:55 - PHP Notice:  Undefined variable: back_prices in /home/seomax/public_html/tek/catalog/view/theme/srub/template/information/lumber_info.tpl on line 53
2017-03-20 8:26:06 - PHP Notice:  Undefined variable: back_prices in /home/seomax/public_html/tek/catalog/view/theme/srub/template/information/lumber_info.tpl on line 53
2017-03-20 8:28:02 - PHP Notice:  Undefined variable: back_prices in /home/seomax/public_html/tek/catalog/view/theme/srub/template/information/lumber_info.tpl on line 53
2017-03-20 8:31:08 - PHP Notice:  Undefined variable: back_prices in /home/seomax/public_html/tek/catalog/view/theme/srub/template/information/lumber_info.tpl on line 53
2017-03-20 8:34:14 - PHP Notice:  Undefined variable: back_prices in /home/seomax/public_html/tek/catalog/view/theme/srub/template/information/lumber_info.tpl on line 53
2017-03-20 8:34:19 - PHP Notice:  Undefined variable: url in /home/seomax/public_html/tek/catalog/controller/information/prices.php on line 93
2017-03-20 8:34:32 - PHP Notice:  Undefined variable: url in /home/seomax/public_html/tek/catalog/controller/information/prices.php on line 93
2017-03-20 8:35:02 - PHP Notice:  Undefined variable: url in /home/seomax/public_html/tek/catalog/controller/information/prices.php on line 93
2017-03-20 8:36:25 - PHP Notice:  Undefined variable: back_prices in /home/seomax/public_html/tek/catalog/view/theme/srub/template/information/lumber_info.tpl on line 53
2017-03-20 8:36:37 - PHP Notice:  Undefined variable: back_prices in /home/seomax/public_html/tek/catalog/view/theme/srub/template/information/lumber_info.tpl on line 53
2017-03-20 8:38:03 - PHP Notice:  Undefined variable: back_prices in /home/seomax/public_html/tek/catalog/view/theme/srub/template/information/lumber_info.tpl on line 53
2017-03-20 8:38:24 - PHP Notice:  Undefined variable: back_prices in /home/seomax/public_html/tek/catalog/view/theme/srub/template/information/lumber_info.tpl on line 53
2017-03-20 8:42:12 - PHP Notice:  Undefined variable: back_prices in /home/seomax/public_html/tek/catalog/view/theme/srub/template/information/lumber_info.tpl on line 53
2017-03-20 8:42:33 - PHP Notice:  Undefined variable: back_prices in /home/seomax/public_html/tek/catalog/view/theme/srub/template/information/lumber_info.tpl on line 53
2017-03-20 8:43:29 - PHP Notice:  Undefined variable: back_prices in /home/seomax/public_html/tek/catalog/view/theme/srub/template/information/lumber_info.tpl on line 53
2017-03-20 8:43:47 - PHP Notice:  Undefined variable: back_prices in /home/seomax/public_html/tek/catalog/view/theme/srub/template/information/lumber_info.tpl on line 53
2017-03-20 8:44:02 - PHP Notice:  Undefined variable: back_prices in /home/seomax/public_html/tek/catalog/view/theme/srub/template/information/lumber_info.tpl on line 53
2017-03-20 8:46:22 - PHP Notice:  Undefined variable: back_prices in /home/seomax/public_html/tek/catalog/view/theme/srub/template/information/lumber_info.tpl on line 53
2017-03-20 8:47:00 - PHP Notice:  Undefined variable: back_prices in /home/seomax/public_html/tek/catalog/view/theme/srub/template/information/lumber_info.tpl on line 53
2017-03-20 8:47:24 - PHP Notice:  Undefined variable: back_prices in /home/seomax/public_html/tek/catalog/view/theme/srub/template/information/lumber_info.tpl on line 53
2017-03-20 8:47:30 - PHP Notice:  Undefined variable: back_prices in /home/seomax/public_html/tek/catalog/view/theme/srub/template/information/lumber_info.tpl on line 53
2017-03-20 8:48:07 - PHP Notice:  Undefined variable: back_prices in /home/seomax/public_html/tek/catalog/view/theme/srub/template/information/lumber_info.tpl on line 53
2017-03-20 8:49:11 - PHP Notice:  Undefined variable: back_prices in /home/seomax/public_html/tek/catalog/view/theme/srub/template/information/lumber_info.tpl on line 53
2017-03-20 8:49:46 - PHP Notice:  Undefined variable: back_prices in /home/seomax/public_html/tek/catalog/view/theme/srub/template/information/lumber_info.tpl on line 53
2017-03-20 8:50:12 - PHP Notice:  Undefined variable: back_prices in /home/seomax/public_html/tek/catalog/view/theme/srub/template/information/lumber_info.tpl on line 53
2017-03-20 8:51:07 - PHP Notice:  Undefined variable: back_prices in /home/seomax/public_html/tek/catalog/view/theme/srub/template/information/lumber_info.tpl on line 53
2017-03-20 8:52:01 - PHP Notice:  Undefined variable: back_prices in /home/seomax/public_html/tek/catalog/view/theme/srub/template/information/lumber_info.tpl on line 53
2017-03-20 8:52:24 - PHP Notice:  Undefined variable: back_prices in /home/seomax/public_html/tek/catalog/view/theme/srub/template/information/lumber_info.tpl on line 53
2017-03-20 8:52:26 - PHP Notice:  Undefined variable: back_prices in /home/seomax/public_html/tek/catalog/view/theme/srub/template/information/lumber_info.tpl on line 53
2017-03-20 8:52:27 - PHP Notice:  Undefined variable: back_prices in /home/seomax/public_html/tek/catalog/view/theme/srub/template/information/lumber_info.tpl on line 53
2017-03-20 8:52:35 - PHP Notice:  Undefined variable: back_prices in /home/seomax/public_html/tek/catalog/view/theme/srub/template/information/lumber_info.tpl on line 53
2017-03-20 8:52:39 - PHP Notice:  Undefined variable: back_prices in /home/seomax/public_html/tek/catalog/view/theme/srub/template/information/lumber_info.tpl on line 53
2017-03-20 8:52:42 - PHP Notice:  Undefined variable: back_prices in /home/seomax/public_html/tek/catalog/view/theme/srub/template/information/lumber_info.tpl on line 53
2017-03-20 8:52:51 - PHP Notice:  Undefined variable: back_prices in /home/seomax/public_html/tek/catalog/view/theme/srub/template/information/lumber_info.tpl on line 53
2017-03-20 8:52:54 - PHP Notice:  Undefined variable: back_prices in /home/seomax/public_html/tek/catalog/view/theme/srub/template/information/lumber_info.tpl on line 53
2017-03-20 8:53:36 - PHP Notice:  Undefined variable: back_prices in /home/seomax/public_html/tek/catalog/view/theme/srub/template/information/lumber_info.tpl on line 53
2017-03-20 8:53:40 - PHP Notice:  Undefined variable: back_prices in /home/seomax/public_html/tek/catalog/view/theme/srub/template/information/lumber_info.tpl on line 53
2017-03-20 8:53:54 - PHP Notice:  Undefined variable: back_prices in /home/seomax/public_html/tek/catalog/view/theme/srub/template/information/lumber_info.tpl on line 53
2017-03-20 8:54:01 - PHP Notice:  Undefined variable: back_prices in /home/seomax/public_html/tek/catalog/view/theme/srub/template/information/lumber_info.tpl on line 53
2017-03-20 8:54:58 - PHP Notice:  Undefined variable: back_prices in /home/seomax/public_html/tek/catalog/view/theme/srub/template/information/lumber_info.tpl on line 53
2017-03-20 8:56:42 - PHP Notice:  Undefined variable: back_prices in /home/seomax/public_html/tek/catalog/view/theme/srub/template/information/lumber_info.tpl on line 53
2017-03-20 8:57:01 - PHP Notice:  Undefined variable: back_prices in /home/seomax/public_html/tek/catalog/view/theme/srub/template/information/lumber_info.tpl on line 53
2017-03-21 20:15:33 - PHP Warning:  Invalid argument supplied for foreach() in /home/seomax/public_html/tek/admin/controller/extension/prices.php on line 424
2017-03-23 14:00:44 - PHP Notice:  Undefined variable: all_object in /home/seomax/public_html/tek/catalog/view/theme/srub/template/error/not_found.tpl on line 25
2017-03-23 14:00:44 - PHP Notice:  Undefined variable: gallery in /home/seomax/public_html/tek/catalog/view/theme/srub/template/error/not_found.tpl on line 36
2017-03-28 8:10:03 - PHP Warning:  session_start(): open(/tmp/sess_ldgvoop3don6n4lr0n4fi1d750, O_RDWR) failed: No such file or directory (2) in /var/www/vhosts/3331141.xeovo.ml/public_html/srub/system/library/session.php on line 21
2017-04-05 10:54:11 - PHP Warning:  imagejpeg(C:/Server/domains/srub.loc/public_html/image/cache/catalog\500-galereja\403-domkarkas1628m.kv.dk-163n.otr\domkarkasnyj163m.kv.novootradnoekrymderevjannyedomaizsrubakarkasnyestroenijawww.srubkrym.com(0)-100x100.jpg): failed to open stream: No such file or directory in C:\Server\domains\srub.loc\public_html\system\library\image.php on line 64
2017-04-05 10:54:11 - PHP Warning:  imagejpeg(C:/Server/domains/srub.loc/public_html/image/cache/catalog\500-galereja\403-domkarkas1628m.kv.dk-163n.otr\domkarkasnyj163m.kv.novootradnoekrymderevjannyedomaizsrubakarkasnyestroenijawww.srubkrym.com(121)-100x100.jpg): failed to open stream: No such file or directory in C:\Server\domains\srub.loc\public_html\system\library\image.php on line 64
2017-04-05 10:54:11 - PHP Warning:  imagejpeg(C:/Server/domains/srub.loc/public_html/image/cache/catalog\500-galereja\403-domkarkas1628m.kv.dk-163n.otr\domkarkasnyj163m.kv.novootradnoekrymderevjannyedomaizsrubakarkasnyestroenijawww.srubkrym.com(122)-100x100.jpg): failed to open stream: No such file or directory in C:\Server\domains\srub.loc\public_html\system\library\image.php on line 64
2017-04-05 10:54:12 - PHP Warning:  imagejpeg(C:/Server/domains/srub.loc/public_html/image/cache/catalog\500-galereja\403-domkarkas1628m.kv.dk-163n.otr\domkarkasnyj163m.kv.novootradnoekrymderevjannyedomaizsrubakarkasnyestroenijawww.srubkrym.com(123)-100x100.jpg): failed to open stream: No such file or directory in C:\Server\domains\srub.loc\public_html\system\library\image.php on line 64
2017-04-05 10:54:12 - PHP Warning:  imagejpeg(C:/Server/domains/srub.loc/public_html/image/cache/catalog\500-galereja\403-domkarkas1628m.kv.dk-163n.otr\domkarkasnyj163m.kv.novootradnoekrymderevjannyedomaizsrubakarkasnyestroenijawww.srubkrym.com(124)-100x100.jpg): failed to open stream: No such file or directory in C:\Server\domains\srub.loc\public_html\system\library\image.php on line 64
2017-04-05 10:54:12 - PHP Warning:  imagejpeg(C:/Server/domains/srub.loc/public_html/image/cache/catalog\500-galereja\403-domkarkas1628m.kv.dk-163n.otr\domkarkasnyj163m.kv.novootradnoekrymderevjannyedomaizsrubakarkasnyestroenijawww.srubkrym.com(125)-100x100.jpg): failed to open stream: No such file or directory in C:\Server\domains\srub.loc\public_html\system\library\image.php on line 64
2017-04-05 10:54:12 - PHP Warning:  imagejpeg(C:/Server/domains/srub.loc/public_html/image/cache/catalog\500-galereja\403-domkarkas1628m.kv.dk-163n.otr\domkarkasnyj163m.kv.novootradnoekrymderevjannyedomaizsrubakarkasnyestroenijawww.srubkrym.com(126)-100x100.jpg): failed to open stream: No such file or directory in C:\Server\domains\srub.loc\public_html\system\library\image.php on line 64
2017-04-05 10:54:13 - PHP Warning:  imagejpeg(C:/Server/domains/srub.loc/public_html/image/cache/catalog\500-galereja\403-domkarkas1628m.kv.dk-163n.otr\domkarkasnyj163m.kv.novootradnoekrymderevjannyedomaizsrubakarkasnyestroenijawww.srubkrym.com(127)-100x100.jpg): failed to open stream: No such file or directory in C:\Server\domains\srub.loc\public_html\system\library\image.php on line 64
2017-04-05 10:54:13 - PHP Warning:  imagejpeg(C:/Server/domains/srub.loc/public_html/image/cache/catalog\500-galereja\403-domkarkas1628m.kv.dk-163n.otr\domkarkasnyj163m.kv.novootradnoekrymderevjannyedomaizsrubakarkasnyestroenijawww.srubkrym.com(128)-100x100.jpg): failed to open stream: No such file or directory in C:\Server\domains\srub.loc\public_html\system\library\image.php on line 64
2017-04-05 10:54:13 - PHP Warning:  imagejpeg(C:/Server/domains/srub.loc/public_html/image/cache/catalog\500-galereja\403-domkarkas1628m.kv.dk-163n.otr\domkarkasnyj163m.kv.novootradnoekrymderevjannyedomaizsrubakarkasnyestroenijawww.srubkrym.com(129)-100x100.jpg): failed to open stream: No such file or directory in C:\Server\domains\srub.loc\public_html\system\library\image.php on line 64
2017-04-05 10:54:14 - PHP Warning:  imagejpeg(C:/Server/domains/srub.loc/public_html/image/cache/catalog\500-galereja\403-domkarkas1628m.kv.dk-163n.otr\domkarkasnyj163m.kv.novootradnoekrymderevjannyedomaizsrubakarkasnyestroenijawww.srubkrym.com(130)-100x100.jpg): failed to open stream: No such file or directory in C:\Server\domains\srub.loc\public_html\system\library\image.php on line 64
2017-04-05 10:54:14 - PHP Warning:  imagejpeg(C:/Server/domains/srub.loc/public_html/image/cache/catalog\500-galereja\403-domkarkas1628m.kv.dk-163n.otr\domkarkasnyj163m.kv.novootradnoekrymderevjannyedomaizsrubakarkasnyestroenijawww.srubkrym.com(131)-100x100.jpg): failed to open stream: No such file or directory in C:\Server\domains\srub.loc\public_html\system\library\image.php on line 64
2017-04-05 10:54:14 - PHP Warning:  imagejpeg(C:/Server/domains/srub.loc/public_html/image/cache/catalog\500-galereja\403-domkarkas1628m.kv.dk-163n.otr\domkarkasnyj163m.kv.novootradnoekrymderevjannyedomaizsrubakarkasnyestroenijawww.srubkrym.com(132)-100x100.jpg): failed to open stream: No such file or directory in C:\Server\domains\srub.loc\public_html\system\library\image.php on line 64
2017-04-05 10:54:15 - PHP Warning:  imagejpeg(C:/Server/domains/srub.loc/public_html/image/cache/catalog\500-galereja\403-domkarkas1628m.kv.dk-163n.otr\domkarkasnyj163m.kv.novootradnoekrymderevjannyedomaizsrubakarkasnyestroenijawww.srubkrym.com(133)-100x100.jpg): failed to open stream: No such file or directory in C:\Server\domains\srub.loc\public_html\system\library\image.php on line 64
2017-04-05 10:54:15 - PHP Warning:  imagejpeg(C:/Server/domains/srub.loc/public_html/image/cache/catalog\500-galereja\403-domkarkas1628m.kv.dk-163n.otr\domkarkasnyj163m.kv.novootradnoekrymderevjannyedomaizsrubakarkasnyestroenijawww.srubkrym.com(134)-100x100.jpg): failed to open stream: No such file or directory in C:\Server\domains\srub.loc\public_html\system\library\image.php on line 64
2017-04-05 10:54:15 - PHP Warning:  imagejpeg(C:/Server/domains/srub.loc/public_html/image/cache/catalog\500-galereja\403-domkarkas1628m.kv.dk-163n.otr\domkarkasnyj163m.kv.novootradnoekrymderevjannyedomaizsrubakarkasnyestroenijawww.srubkrym.com(135)-100x100.jpg): failed to open stream: No such file or directory in C:\Server\domains\srub.loc\public_html\system\library\image.php on line 64
2017-04-05 10:54:15 - PHP Warning:  imagejpeg(C:/Server/domains/srub.loc/public_html/image/cache/catalog\500-galereja\403-domkarkas1628m.kv.dk-163n.otr\domkarkasnyj163m.kv.novootradnoekrymderevjannyedomaizsrubakarkasnyestroenijawww.srubkrym.com(136)-100x100.jpg): failed to open stream: No such file or directory in C:\Server\domains\srub.loc\public_html\system\library\image.php on line 64
2017-04-05 10:54:16 - PHP Warning:  imagejpeg(C:/Server/domains/srub.loc/public_html/image/cache/catalog\500-galereja\403-domkarkas1628m.kv.dk-163n.otr\domkarkasnyj163m.kv.novootradnoekrymderevjannyedomaizsrubakarkasnyestroenijawww.srubkrym.com(137)-100x100.jpg): failed to open stream: No such file or directory in C:\Server\domains\srub.loc\public_html\system\library\image.php on line 64
2017-04-05 10:54:16 - PHP Warning:  imagejpeg(C:/Server/domains/srub.loc/public_html/image/cache/catalog\500-galereja\403-domkarkas1628m.kv.dk-163n.otr\domkarkasnyj163m.kv.novootradnoekrymderevjannyedomaizsrubakarkasnyestroenijawww.srubkrym.com(138)-100x100.jpg): failed to open stream: No such file or directory in C:\Server\domains\srub.loc\public_html\system\library\image.php on line 64
2017-04-05 10:54:16 - PHP Warning:  imagejpeg(C:/Server/domains/srub.loc/public_html/image/cache/catalog\500-galereja\403-domkarkas1628m.kv.dk-163n.otr\domkarkasnyj163m.kv.novootradnoekrymderevjannyedomaizsrubakarkasnyestroenijawww.srubkrym.com(139)-100x100.jpg): failed to open stream: No such file or directory in C:\Server\domains\srub.loc\public_html\system\library\image.php on line 64
2017-04-05 10:54:17 - PHP Warning:  imagejpeg(C:/Server/domains/srub.loc/public_html/image/cache/catalog\500-galereja\403-domkarkas1628m.kv.dk-163n.otr\domkarkasnyj163m.kv.novootradnoekrymderevjannyedomaizsrubakarkasnyestroenijawww.srubkrym.com(140)-100x100.jpg): failed to open stream: No such file or directory in C:\Server\domains\srub.loc\public_html\system\library\image.php on line 64
2017-04-05 10:54:17 - PHP Warning:  imagejpeg(C:/Server/domains/srub.loc/public_html/image/cache/catalog\500-galereja\403-domkarkas1628m.kv.dk-163n.otr\domkarkasnyj163m.kv.novootradnoekrymderevjannyedomaizsrubakarkasnyestroenijawww.srubkrym.com(141)-100x100.jpg): failed to open stream: No such file or directory in C:\Server\domains\srub.loc\public_html\system\library\image.php on line 64
2017-04-05 10:54:17 - PHP Warning:  imagejpeg(C:/Server/domains/srub.loc/public_html/image/cache/catalog\500-galereja\403-domkarkas1628m.kv.dk-163n.otr\domkarkasnyj163m.kv.novootradnoekrymderevjannyedomaizsrubakarkasnyestroenijawww.srubkrym.com(142)-100x100.jpg): failed to open stream: No such file or directory in C:\Server\domains\srub.loc\public_html\system\library\image.php on line 64
2017-04-05 10:54:17 - PHP Warning:  imagejpeg(C:/Server/domains/srub.loc/public_html/image/cache/catalog\500-galereja\403-domkarkas1628m.kv.dk-163n.otr\domkarkasnyj163m.kv.novootradnoekrymderevjannyedomaizsrubakarkasnyestroenijawww.srubkrym.com(143)-100x100.jpg): failed to open stream: No such file or directory in C:\Server\domains\srub.loc\public_html\system\library\image.php on line 64
2017-04-05 10:54:18 - PHP Warning:  imagejpeg(C:/Server/domains/srub.loc/public_html/image/cache/catalog\500-galereja\403-domkarkas1628m.kv.dk-163n.otr\domkarkasnyj163m.kv.novootradnoekrymderevjannyedomaizsrubakarkasnyestroenijawww.srubkrym.com(144)-100x100.jpg): failed to open stream: No such file or directory in C:\Server\domains\srub.loc\public_html\system\library\image.php on line 64
2017-04-05 10:54:18 - PHP Warning:  imagejpeg(C:/Server/domains/srub.loc/public_html/image/cache/catalog\500-galereja\403-domkarkas1628m.kv.dk-163n.otr\domkarkasnyj163m.kv.novootradnoekrymderevjannyedomaizsrubakarkasnyestroenijawww.srubkrym.com(145)-100x100.jpg): failed to open stream: No such file or directory in C:\Server\domains\srub.loc\public_html\system\library\image.php on line 64
2017-04-05 10:54:18 - PHP Warning:  imagejpeg(C:/Server/domains/srub.loc/public_html/image/cache/catalog\500-galereja\403-domkarkas1628m.kv.dk-163n.otr\domkarkasnyj163m.kv.novootradnoekrymderevjannyedomaizsrubakarkasnyestroenijawww.srubkrym.com(146)-100x100.jpg): failed to open stream: No such file or directory in C:\Server\domains\srub.loc\public_html\system\library\image.php on line 64
2017-04-05 10:54:19 - PHP Warning:  imagejpeg(C:/Server/domains/srub.loc/public_html/image/cache/catalog\500-galereja\403-domkarkas1628m.kv.dk-163n.otr\domkarkasnyj163m.kv.novootradnoekrymderevjannyedomaizsrubakarkasnyestroenijawww.srubkrym.com(147)-100x100.jpg): failed to open stream: No such file or directory in C:\Server\domains\srub.loc\public_html\system\library\image.php on line 64
2017-04-05 10:54:19 - PHP Warning:  imagejpeg(C:/Server/domains/srub.loc/public_html/image/cache/catalog\500-galereja\403-domkarkas1628m.kv.dk-163n.otr\domkarkasnyj163m.kv.novootradnoekrymderevjannyedomaizsrubakarkasnyestroenijawww.srubkrym.com(148)-100x100.jpg): failed to open stream: No such file or directory in C:\Server\domains\srub.loc\public_html\system\library\image.php on line 64
2017-04-05 10:54:19 - PHP Warning:  imagejpeg(C:/Server/domains/srub.loc/public_html/image/cache/catalog\500-galereja\403-domkarkas1628m.kv.dk-163n.otr\domkarkasnyj163m.kv.novootradnoekrymderevjannyedomaizsrubakarkasnyestroenijawww.srubkrym.com(149)-100x100.jpg): failed to open stream: No such file or directory in C:\Server\domains\srub.loc\public_html\system\library\image.php on line 64
2017-04-05 10:54:19 - PHP Warning:  imagejpeg(C:/Server/domains/srub.loc/public_html/image/cache/catalog\500-galereja\403-domkarkas1628m.kv.dk-163n.otr\domkarkasnyj163m.kv.novootradnoekrymderevjannyedomaizsrubakarkasnyestroenijawww.srubkrym.com(150)-100x100.jpg): failed to open stream: No such file or directory in C:\Server\domains\srub.loc\public_html\system\library\image.php on line 64
2017-04-05 10:54:20 - PHP Warning:  imagejpeg(C:/Server/domains/srub.loc/public_html/image/cache/catalog\500-galereja\403-domkarkas1628m.kv.dk-163n.otr\domkarkasnyj163m.kv.novootradnoekrymderevjannyedomaizsrubakarkasnyestroenijawww.srubkrym.com(151)-100x100.jpg): failed to open stream: No such file or directory in C:\Server\domains\srub.loc\public_html\system\library\image.php on line 64
2017-04-05 10:54:20 - PHP Warning:  imagejpeg(C:/Server/domains/srub.loc/public_html/image/cache/catalog\500-galereja\403-domkarkas1628m.kv.dk-163n.otr\domkarkasnyj163m.kv.novootradnoekrymderevjannyedomaizsrubakarkasnyestroenijawww.srubkrym.com(152)-100x100.jpg): failed to open stream: No such file or directory in C:\Server\domains\srub.loc\public_html\system\library\image.php on line 64
2017-04-05 10:54:20 - PHP Warning:  imagejpeg(C:/Server/domains/srub.loc/public_html/image/cache/catalog\500-galereja\403-domkarkas1628m.kv.dk-163n.otr\domkarkasnyj163m.kv.novootradnoekrymderevjannyedomaizsrubakarkasnyestroenijawww.srubkrym.com(153)-100x100.jpg): failed to open stream: No such file or directory in C:\Server\domains\srub.loc\public_html\system\library\image.php on line 64
2017-04-05 10:54:20 - PHP Warning:  imagejpeg(C:/Server/domains/srub.loc/public_html/image/cache/catalog\500-galereja\403-domkarkas1628m.kv.dk-163n.otr\domkarkasnyj163m.kv.novootradnoekrymderevjannyedomaizsrubakarkasnyestroenijawww.srubkrym.com(154)-100x100.jpg): failed to open stream: No such file or directory in C:\Server\domains\srub.loc\public_html\system\library\image.php on line 64
2017-04-05 10:54:21 - PHP Warning:  imagejpeg(C:/Server/domains/srub.loc/public_html/image/cache/catalog\500-galereja\403-domkarkas1628m.kv.dk-163n.otr\domkarkasnyj163m.kv.novootradnoekrymderevjannyedomaizsrubakarkasnyestroenijawww.srubkrym.com(155)-100x100.jpg): failed to open stream: No such file or directory in C:\Server\domains\srub.loc\public_html\system\library\image.php on line 64
2017-04-05 10:54:21 - PHP Warning:  imagejpeg(C:/Server/domains/srub.loc/public_html/image/cache/catalog\500-galereja\403-domkarkas1628m.kv.dk-163n.otr\domkarkasnyj163m.kv.novootradnoekrymderevjannyedomaizsrubakarkasnyestroenijawww.srubkrym.com(156)-100x100.jpg): failed to open stream: No such file or directory in C:\Server\domains\srub.loc\public_html\system\library\image.php on line 64
2017-04-05 10:54:21 - PHP Warning:  imagejpeg(C:/Server/domains/srub.loc/public_html/image/cache/catalog\500-galereja\403-domkarkas1628m.kv.dk-163n.otr\domkarkasnyj163m.kv.novootradnoekrymderevjannyedomaizsrubakarkasnyestroenijawww.srubkrym.com(157)-100x100.jpg): failed to open stream: No such file or directory in C:\Server\domains\srub.loc\public_html\system\library\image.php on line 64
2017-04-05 10:54:22 - PHP Warning:  imagejpeg(C:/Server/domains/srub.loc/public_html/image/cache/catalog\500-galereja\403-domkarkas1628m.kv.dk-163n.otr\domkarkasnyj163m.kv.novootradnoekrymderevjannyedomaizsrubakarkasnyestroenijawww.srubkrym.com(158)-100x100.jpg): failed to open stream: No such file or directory in C:\Server\domains\srub.loc\public_html\system\library\image.php on line 64
2017-04-05 10:54:22 - PHP Warning:  imagejpeg(C:/Server/domains/srub.loc/public_html/image/cache/catalog\500-galereja\403-domkarkas1628m.kv.dk-163n.otr\domkarkasnyj163m.kv.novootradnoekrymderevjannyedomaizsrubakarkasnyestroenijawww.srubkrym.com(159)-100x100.jpg): failed to open stream: No such file or directory in C:\Server\domains\srub.loc\public_html\system\library\image.php on line 64
2017-04-05 10:54:22 - PHP Warning:  imagejpeg(C:/Server/domains/srub.loc/public_html/image/cache/catalog\500-galereja\403-domkarkas1628m.kv.dk-163n.otr\domkarkasnyj163m.kv.novootradnoekrymderevjannyedomaizsrubakarkasnyestroenijawww.srubkrym.com(160)-100x100.jpg): failed to open stream: No such file or directory in C:\Server\domains\srub.loc\public_html\system\library\image.php on line 64
2017-04-05 10:54:22 - PHP Warning:  imagejpeg(C:/Server/domains/srub.loc/public_html/image/cache/catalog\500-galereja\403-domkarkas1628m.kv.dk-163n.otr\domkarkasnyj163m.kv.novootradnoekrymderevjannyedomaizsrubakarkasnyestroenijawww.srubkrym.com(161)-100x100.jpg): failed to open stream: No such file or directory in C:\Server\domains\srub.loc\public_html\system\library\image.php on line 64
2017-04-05 10:54:23 - PHP Warning:  imagejpeg(C:/Server/domains/srub.loc/public_html/image/cache/catalog\500-galereja\403-domkarkas1628m.kv.dk-163n.otr\domkarkasnyj163m.kv.novootradnoekrymderevjannyedomaizsrubakarkasnyestroenijawww.srubkrym.com(162)-100x100.jpg): failed to open stream: No such file or directory in C:\Server\domains\srub.loc\public_html\system\library\image.php on line 64
2017-04-05 10:54:23 - PHP Warning:  imagejpeg(C:/Server/domains/srub.loc/public_html/image/cache/catalog\500-galereja\403-domkarkas1628m.kv.dk-163n.otr\domkarkasnyj163m.kv.novootradnoekrymderevjannyedomaizsrubakarkasnyestroenijawww.srubkrym.com(163)-100x100.jpg): failed to open stream: No such file or directory in C:\Server\domains\srub.loc\public_html\system\library\image.php on line 64
2017-04-05 10:54:23 - PHP Warning:  imagejpeg(C:/Server/domains/srub.loc/public_html/image/cache/catalog\500-galereja\403-domkarkas1628m.kv.dk-163n.otr\domkarkasnyj163m.kv.novootradnoekrymderevjannyedomaizsrubakarkasnyestroenijawww.srubkrym.com(164)-100x100.jpg): failed to open stream: No such file or directory in C:\Server\domains\srub.loc\public_html\system\library\image.php on line 64
2017-04-05 10:54:24 - PHP Warning:  imagejpeg(C:/Server/domains/srub.loc/public_html/image/cache/catalog\500-galereja\403-domkarkas1628m.kv.dk-163n.otr\domkarkasnyj163m.kv.novootradnoekrymderevjannyedomaizsrubakarkasnyestroenijawww.srubkrym.com(165)-100x100.jpg): failed to open stream: No such file or directory in C:\Server\domains\srub.loc\public_html\system\library\image.php on line 64
2017-04-05 10:54:24 - PHP Warning:  imagejpeg(C:/Server/domains/srub.loc/public_html/image/cache/catalog\500-galereja\403-domkarkas1628m.kv.dk-163n.otr\domkarkasnyj163m.kv.novootradnoekrymderevjannyedomaizsrubakarkasnyestroenijawww.srubkrym.com(166)-100x100.jpg): failed to open stream: No such file or directory in C:\Server\domains\srub.loc\public_html\system\library\image.php on line 64
2017-04-05 10:54:24 - PHP Warning:  imagejpeg(C:/Server/domains/srub.loc/public_html/image/cache/catalog\500-galereja\403-domkarkas1628m.kv.dk-163n.otr\domkarkasnyj163m.kv.novootradnoekrymderevjannyedomaizsrubakarkasnyestroenijawww.srubkrym.com(167)-100x100.jpg): failed to open stream: No such file or directory in C:\Server\domains\srub.loc\public_html\system\library\image.php on line 64
2017-04-05 10:54:24 - PHP Warning:  imagejpeg(C:/Server/domains/srub.loc/public_html/image/cache/catalog\500-galereja\403-domkarkas1628m.kv.dk-163n.otr\domkarkasnyj163m.kv.novootradnoekrymderevjannyedomaizsrubakarkasnyestroenijawww.srubkrym.com(168)-100x100.jpg): failed to open stream: No such file or directory in C:\Server\domains\srub.loc\public_html\system\library\image.php on line 64
2017-04-05 10:54:25 - PHP Warning:  imagejpeg(C:/Server/domains/srub.loc/public_html/image/cache/catalog\500-galereja\403-domkarkas1628m.kv.dk-163n.otr\domkarkasnyj163m.kv.novootradnoekrymderevjannyedomaizsrubakarkasnyestroenijawww.srubkrym.com(169)-100x100.jpg): failed to open stream: No such file or directory in C:\Server\domains\srub.loc\public_html\system\library\image.php on line 64
2017-04-05 10:54:25 - PHP Warning:  imagejpeg(C:/Server/domains/srub.loc/public_html/image/cache/catalog\500-galereja\403-domkarkas1628m.kv.dk-163n.otr\domkarkasnyj163m.kv.novootradnoekrymderevjannyedomaizsrubakarkasnyestroenijawww.srubkrym.com(170)-100x100.jpg): failed to open stream: No such file or directory in C:\Server\domains\srub.loc\public_html\system\library\image.php on line 64
2017-04-05 10:54:25 - PHP Warning:  imagejpeg(C:/Server/domains/srub.loc/public_html/image/cache/catalog\500-galereja\403-domkarkas1628m.kv.dk-163n.otr\domkarkasnyj163m.kv.novootradnoekrymderevjannyedomaizsrubakarkasnyestroenijawww.srubkrym.com(171)-100x100.jpg): failed to open stream: No such file or directory in C:\Server\domains\srub.loc\public_html\system\library\image.php on line 64
2017-04-05 10:54:26 - PHP Warning:  imagejpeg(C:/Server/domains/srub.loc/public_html/image/cache/catalog\500-galereja\403-domkarkas1628m.kv.dk-163n.otr\domkarkasnyj163m.kv.novootradnoekrymderevjannyedomaizsrubakarkasnyestroenijawww.srubkrym.com(172)-100x100.jpg): failed to open stream: No such file or directory in C:\Server\domains\srub.loc\public_html\system\library\image.php on line 64
2017-04-05 10:54:26 - PHP Warning:  imagejpeg(C:/Server/domains/srub.loc/public_html/image/cache/catalog\500-galereja\403-domkarkas1628m.kv.dk-163n.otr\domkarkasnyj163m.kv.novootradnoekrymderevjannyedomaizsrubakarkasnyestroenijawww.srubkrym.com(173)-100x100.jpg): failed to open stream: No such file or directory in C:\Server\domains\srub.loc\public_html\system\library\image.php on line 64
2017-04-05 10:54:26 - PHP Warning:  imagejpeg(C:/Server/domains/srub.loc/public_html/image/cache/catalog\500-galereja\403-domkarkas1628m.kv.dk-163n.otr\domkarkasnyj163m.kv.novootradnoekrymderevjannyedomaizsrubakarkasnyestroenijawww.srubkrym.com(174)-100x100.jpg): failed to open stream: No such file or directory in C:\Server\domains\srub.loc\public_html\system\library\image.php on line 64
2017-04-05 10:54:26 - PHP Warning:  imagejpeg(C:/Server/domains/srub.loc/public_html/image/cache/catalog\500-galereja\403-domkarkas1628m.kv.dk-163n.otr\domkarkasnyj163m.kv.novootradnoekrymderevjannyedomaizsrubakarkasnyestroenijawww.srubkrym.com(175)-100x100.jpg): failed to open stream: No such file or directory in C:\Server\domains\srub.loc\public_html\system\library\image.php on line 64
2017-04-05 10:54:27 - PHP Warning:  imagejpeg(C:/Server/domains/srub.loc/public_html/image/cache/catalog\500-galereja\403-domkarkas1628m.kv.dk-163n.otr\domkarkasnyj163m.kv.novootradnoekrymderevjannyedomaizsrubakarkasnyestroenijawww.srubkrym.com(176)-100x100.jpg): failed to open stream: No such file or directory in C:\Server\domains\srub.loc\public_html\system\library\image.php on line 64
2017-04-05 10:54:27 - PHP Warning:  imagejpeg(C:/Server/domains/srub.loc/public_html/image/cache/catalog\500-galereja\403-domkarkas1628m.kv.dk-163n.otr\domkarkasnyj163m.kv.novootradnoekrymderevjannyedomaizsrubakarkasnyestroenijawww.srubkrym.com(177)-100x100.jpg): failed to open stream: No such file or directory in C:\Server\domains\srub.loc\public_html\system\library\image.php on line 64
2017-04-05 10:54:27 - PHP Warning:  imagejpeg(C:/Server/domains/srub.loc/public_html/image/cache/catalog\500-galereja\403-domkarkas1628m.kv.dk-163n.otr\domkarkasnyj163m.kv.novootradnoekrymderevjannyedomaizsrubakarkasnyestroenijawww.srubkrym.com(178)-100x100.jpg): failed to open stream: No such file or directory in C:\Server\domains\srub.loc\public_html\system\library\image.php on line 64
2017-04-05 10:54:28 - PHP Warning:  imagejpeg(C:/Server/domains/srub.loc/public_html/image/cache/catalog\500-galereja\403-domkarkas1628m.kv.dk-163n.otr\domkarkasnyj163m.kv.novootradnoekrymderevjannyedomaizsrubakarkasnyestroenijawww.srubkrym.com(179)-100x100.jpg): failed to open stream: No such file or directory in C:\Server\domains\srub.loc\public_html\system\library\image.php on line 64
2017-04-05 10:54:28 - PHP Warning:  imagejpeg(C:/Server/domains/srub.loc/public_html/image/cache/catalog\500-galereja\403-domkarkas1628m.kv.dk-163n.otr\domkarkasnyj163m.kv.novootradnoekrymderevjannyedomaizsrubakarkasnyestroenijawww.srubkrym.com(180)-100x100.jpg): failed to open stream: No such file or directory in C:\Server\domains\srub.loc\public_html\system\library\image.php on line 64
2017-04-05 10:54:28 - PHP Warning:  imagejpeg(C:/Server/domains/srub.loc/public_html/image/cache/catalog\500-galereja\403-domkarkas1628m.kv.dk-163n.otr\domkarkasnyj163m.kv.novootradnoekrymderevjannyedomaizsrubakarkasnyestroenijawww.srubkrym.com(181)-100x100.jpg): failed to open stream: No such file or directory in C:\Server\domains\srub.loc\public_html\system\library\image.php on line 64
2017-04-05 10:54:28 - PHP Warning:  imagejpeg(C:/Server/domains/srub.loc/public_html/image/cache/catalog\500-galereja\403-domkarkas1628m.kv.dk-163n.otr\domkarkasnyj163m.kv.novootradnoekrymderevjannyedomaizsrubakarkasnyestroenijawww.srubkrym.com(182)-100x100.jpg): failed to open stream: No such file or directory in C:\Server\domains\srub.loc\public_html\system\library\image.php on line 64
2017-04-05 10:54:29 - PHP Warning:  imagejpeg(C:/Server/domains/srub.loc/public_html/image/cache/catalog\500-galereja\403-domkarkas1628m.kv.dk-163n.otr\domkarkasnyj163m.kv.novootradnoekrymderevjannyedomaizsrubakarkasnyestroenijawww.srubkrym.com(183)-100x100.jpg): failed to open stream: No such file or directory in C:\Server\domains\srub.loc\public_html\system\library\image.php on line 64
2017-04-05 10:54:29 - PHP Warning:  imagejpeg(C:/Server/domains/srub.loc/public_html/image/cache/catalog\500-galereja\403-domkarkas1628m.kv.dk-163n.otr\domkarkasnyj163m.kv.novootradnoekrymderevjannyedomaizsrubakarkasnyestroenijawww.srubkrym.com(184)-100x100.jpg): failed to open stream: No such file or directory in C:\Server\domains\srub.loc\public_html\system\library\image.php on line 64
2017-04-05 10:54:29 - PHP Warning:  imagejpeg(C:/Server/domains/srub.loc/public_html/image/cache/catalog\500-galereja\403-domkarkas1628m.kv.dk-163n.otr\domkarkasnyj163m.kv.novootradnoekrymderevjannyedomaizsrubakarkasnyestroenijawww.srubkrym.com(185)-100x100.jpg): failed to open stream: No such file or directory in C:\Server\domains\srub.loc\public_html\system\library\image.php on line 64
2017-04-05 10:54:30 - PHP Warning:  imagejpeg(C:/Server/domains/srub.loc/public_html/image/cache/catalog\500-galereja\403-domkarkas1628m.kv.dk-163n.otr\domkarkasnyj163m.kv.novootradnoekrymderevjannyedomaizsrubakarkasnyestroenijawww.srubkrym.com(186)-100x100.jpg): failed to open stream: No such file or directory in C:\Server\domains\srub.loc\public_html\system\library\image.php on line 64
2017-04-05 10:54:30 - PHP Warning:  imagejpeg(C:/Server/domains/srub.loc/public_html/image/cache/catalog\500-galereja\403-domkarkas1628m.kv.dk-163n.otr\domkarkasnyj163m.kv.novootradnoekrymderevjannyedomaizsrubakarkasnyestroenijawww.srubkrym.com(187)-100x100.jpg): failed to open stream: No such file or directory in C:\Server\domains\srub.loc\public_html\system\library\image.php on line 64
2017-04-05 10:54:30 - PHP Warning:  imagejpeg(C:/Server/domains/srub.loc/public_html/image/cache/catalog\500-galereja\403-domkarkas1628m.kv.dk-163n.otr\domkarkasnyj163m.kv.novootradnoekrymderevjannyedomaizsrubakarkasnyestroenijawww.srubkrym.com(188)-100x100.jpg): failed to open stream: No such file or directory in C:\Server\domains\srub.loc\public_html\system\library\image.php on line 64
2017-04-05 10:54:30 - PHP Warning:  imagejpeg(C:/Server/domains/srub.loc/public_html/image/cache/catalog\500-galereja\403-domkarkas1628m.kv.dk-163n.otr\domkarkasnyj163m.kv.novootradnoekrymderevjannyedomaizsrubakarkasnyestroenijawww.srubkrym.com(189)-100x100.jpg): failed to open stream: No such file or directory in C:\Server\domains\srub.loc\public_html\system\library\image.php on line 64
2017-04-05 10:54:31 - PHP Warning:  imagejpeg(C:/Server/domains/srub.loc/public_html/image/cache/catalog\500-galereja\403-domkarkas1628m.kv.dk-163n.otr\domkarkasnyj163m.kv.novootradnoekrymderevjannyedomaizsrubakarkasnyestroenijawww.srubkrym.com(190)-100x100.jpg): failed to open stream: No such file or directory in C:\Server\domains\srub.loc\public_html\system\library\image.php on line 64
2017-04-05 10:55:05 - PHP Warning:  imagejpeg(C:/Server/domains/srub.loc/public_html/image/cache/catalog\500-galereja\403-domkarkas1628m.kv.dk-163n.otr\domkarkasnyj163m.kv.novootradnoekrymderevjannyedomaizsrubakarkasnyestroenijawww.srubkrym.com(0)-100x100.jpg): failed to open stream: No such file or directory in C:\Server\domains\srub.loc\public_html\system\library\image.php on line 64
2017-04-05 10:55:05 - PHP Warning:  imagejpeg(C:/Server/domains/srub.loc/public_html/image/cache/catalog\500-galereja\403-domkarkas1628m.kv.dk-163n.otr\domkarkasnyj163m.kv.novootradnoekrymderevjannyedomaizsrubakarkasnyestroenijawww.srubkrym.com(121)-100x100.jpg): failed to open stream: No such file or directory in C:\Server\domains\srub.loc\public_html\system\library\image.php on line 64
2017-04-05 10:55:06 - PHP Warning:  imagejpeg(C:/Server/domains/srub.loc/public_html/image/cache/catalog\500-galereja\403-domkarkas1628m.kv.dk-163n.otr\domkarkasnyj163m.kv.novootradnoekrymderevjannyedomaizsrubakarkasnyestroenijawww.srubkrym.com(122)-100x100.jpg): failed to open stream: No such file or directory in C:\Server\domains\srub.loc\public_html\system\library\image.php on line 64
2017-04-05 10:55:06 - PHP Warning:  imagejpeg(C:/Server/domains/srub.loc/public_html/image/cache/catalog\500-galereja\403-domkarkas1628m.kv.dk-163n.otr\domkarkasnyj163m.kv.novootradnoekrymderevjannyedomaizsrubakarkasnyestroenijawww.srubkrym.com(123)-100x100.jpg): failed to open stream: No such file or directory in C:\Server\domains\srub.loc\public_html\system\library\image.php on line 64
2017-04-05 10:55:06 - PHP Warning:  imagejpeg(C:/Server/domains/srub.loc/public_html/image/cache/catalog\500-galereja\403-domkarkas1628m.kv.dk-163n.otr\domkarkasnyj163m.kv.novootradnoekrymderevjannyedomaizsrubakarkasnyestroenijawww.srubkrym.com(124)-100x100.jpg): failed to open stream: No such file or directory in C:\Server\domains\srub.loc\public_html\system\library\image.php on line 64
2017-04-05 10:55:07 - PHP Warning:  imagejpeg(C:/Server/domains/srub.loc/public_html/image/cache/catalog\500-galereja\403-domkarkas1628m.kv.dk-163n.otr\domkarkasnyj163m.kv.novootradnoekrymderevjannyedomaizsrubakarkasnyestroenijawww.srubkrym.com(125)-100x100.jpg): failed to open stream: No such file or directory in C:\Server\domains\srub.loc\public_html\system\library\image.php on line 64
2017-04-05 10:55:07 - PHP Warning:  imagejpeg(C:/Server/domains/srub.loc/public_html/image/cache/catalog\500-galereja\403-domkarkas1628m.kv.dk-163n.otr\domkarkasnyj163m.kv.novootradnoekrymderevjannyedomaizsrubakarkasnyestroenijawww.srubkrym.com(126)-100x100.jpg): failed to open stream: No such file or directory in C:\Server\domains\srub.loc\public_html\system\library\image.php on line 64
2017-04-05 10:55:07 - PHP Warning:  imagejpeg(C:/Server/domains/srub.loc/public_html/image/cache/catalog\500-galereja\403-domkarkas1628m.kv.dk-163n.otr\domkarkasnyj163m.kv.novootradnoekrymderevjannyedomaizsrubakarkasnyestroenijawww.srubkrym.com(127)-100x100.jpg): failed to open stream: No such file or directory in C:\Server\domains\srub.loc\public_html\system\library\image.php on line 64
2017-04-05 10:55:08 - PHP Warning:  imagejpeg(C:/Server/domains/srub.loc/public_html/image/cache/catalog\500-galereja\403-domkarkas1628m.kv.dk-163n.otr\domkarkasnyj163m.kv.novootradnoekrymderevjannyedomaizsrubakarkasnyestroenijawww.srubkrym.com(128)-100x100.jpg): failed to open stream: No such file or directory in C:\Server\domains\srub.loc\public_html\system\library\image.php on line 64
2017-04-05 10:55:08 - PHP Warning:  imagejpeg(C:/Server/domains/srub.loc/public_html/image/cache/catalog\500-galereja\403-domkarkas1628m.kv.dk-163n.otr\domkarkasnyj163m.kv.novootradnoekrymderevjannyedomaizsrubakarkasnyestroenijawww.srubkrym.com(129)-100x100.jpg): failed to open stream: No such file or directory in C:\Server\domains\srub.loc\public_html\system\library\image.php on line 64
2017-04-05 10:55:08 - PHP Warning:  imagejpeg(C:/Server/domains/srub.loc/public_html/image/cache/catalog\500-galereja\403-domkarkas1628m.kv.dk-163n.otr\domkarkasnyj163m.kv.novootradnoekrymderevjannyedomaizsrubakarkasnyestroenijawww.srubkrym.com(130)-100x100.jpg): failed to open stream: No such file or directory in C:\Server\domains\srub.loc\public_html\system\library\image.php on line 64
2017-04-05 10:55:08 - PHP Warning:  imagejpeg(C:/Server/domains/srub.loc/public_html/image/cache/catalog\500-galereja\403-domkarkas1628m.kv.dk-163n.otr\domkarkasnyj163m.kv.novootradnoekrymderevjannyedomaizsrubakarkasnyestroenijawww.srubkrym.com(131)-100x100.jpg): failed to open stream: No such file or directory in C:\Server\domains\srub.loc\public_html\system\library\image.php on line 64
2017-04-05 10:55:09 - PHP Warning:  imagejpeg(C:/Server/domains/srub.loc/public_html/image/cache/catalog\500-galereja\403-domkarkas1628m.kv.dk-163n.otr\domkarkasnyj163m.kv.novootradnoekrymderevjannyedomaizsrubakarkasnyestroenijawww.srubkrym.com(132)-100x100.jpg): failed to open stream: No such file or directory in C:\Server\domains\srub.loc\public_html\system\library\image.php on line 64
2017-04-05 10:55:09 - PHP Warning:  imagejpeg(C:/Server/domains/srub.loc/public_html/image/cache/catalog\500-galereja\403-domkarkas1628m.kv.dk-163n.otr\domkarkasnyj163m.kv.novootradnoekrymderevjannyedomaizsrubakarkasnyestroenijawww.srubkrym.com(133)-100x100.jpg): failed to open stream: No such file or directory in C:\Server\domains\srub.loc\public_html\system\library\image.php on line 64
2017-04-05 10:55:09 - PHP Warning:  imagejpeg(C:/Server/domains/srub.loc/public_html/image/cache/catalog\500-galereja\403-domkarkas1628m.kv.dk-163n.otr\domkarkasnyj163m.kv.novootradnoekrymderevjannyedomaizsrubakarkasnyestroenijawww.srubkrym.com(134)-100x100.jpg): failed to open stream: No such file or directory in C:\Server\domains\srub.loc\public_html\system\library\image.php on line 64
2017-04-05 10:55:09 - PHP Warning:  imagejpeg(C:/Server/domains/srub.loc/public_html/image/cache/catalog\500-galereja\403-domkarkas1628m.kv.dk-163n.otr\domkarkasnyj163m.kv.novootradnoekrymderevjannyedomaizsrubakarkasnyestroenijawww.srubkrym.com(135)-100x100.jpg): failed to open stream: No such file or directory in C:\Server\domains\srub.loc\public_html\system\library\image.php on line 64
2017-04-05 10:55:10 - PHP Warning:  imagejpeg(C:/Server/domains/srub.loc/public_html/image/cache/catalog\500-galereja\403-domkarkas1628m.kv.dk-163n.otr\domkarkasnyj163m.kv.novootradnoekrymderevjannyedomaizsrubakarkasnyestroenijawww.srubkrym.com(136)-100x100.jpg): failed to open stream: No such file or directory in C:\Server\domains\srub.loc\public_html\system\library\image.php on line 64
2017-04-05 10:55:10 - PHP Warning:  imagejpeg(C:/Server/domains/srub.loc/public_html/image/cache/catalog\500-galereja\403-domkarkas1628m.kv.dk-163n.otr\domkarkasnyj163m.kv.novootradnoekrymderevjannyedomaizsrubakarkasnyestroenijawww.srubkrym.com(137)-100x100.jpg): failed to open stream: No such file or directory in C:\Server\domains\srub.loc\public_html\system\library\image.php on line 64
2017-04-05 10:55:10 - PHP Warning:  imagejpeg(C:/Server/domains/srub.loc/public_html/image/cache/catalog\500-galereja\403-domkarkas1628m.kv.dk-163n.otr\domkarkasnyj163m.kv.novootradnoekrymderevjannyedomaizsrubakarkasnyestroenijawww.srubkrym.com(138)-100x100.jpg): failed to open stream: No such file or directory in C:\Server\domains\srub.loc\public_html\system\library\image.php on line 64
2017-04-05 10:55:10 - PHP Warning:  imagejpeg(C:/Server/domains/srub.loc/public_html/image/cache/catalog\500-galereja\403-domkarkas1628m.kv.dk-163n.otr\domkarkasnyj163m.kv.novootradnoekrymderevjannyedomaizsrubakarkasnyestroenijawww.srubkrym.com(139)-100x100.jpg): failed to open stream: No such file or directory in C:\Server\domains\srub.loc\public_html\system\library\image.php on line 64
2017-04-05 10:55:11 - PHP Warning:  imagejpeg(C:/Server/domains/srub.loc/public_html/image/cache/catalog\500-galereja\403-domkarkas1628m.kv.dk-163n.otr\domkarkasnyj163m.kv.novootradnoekrymderevjannyedomaizsrubakarkasnyestroenijawww.srubkrym.com(140)-100x100.jpg): failed to open stream: No such file or directory in C:\Server\domains\srub.loc\public_html\system\library\image.php on line 64
2017-04-05 10:55:11 - PHP Warning:  imagejpeg(C:/Server/domains/srub.loc/public_html/image/cache/catalog\500-galereja\403-domkarkas1628m.kv.dk-163n.otr\domkarkasnyj163m.kv.novootradnoekrymderevjannyedomaizsrubakarkasnyestroenijawww.srubkrym.com(141)-100x100.jpg): failed to open stream: No such file or directory in C:\Server\domains\srub.loc\public_html\system\library\image.php on line 64
2017-04-05 10:55:11 - PHP Warning:  imagejpeg(C:/Server/domains/srub.loc/public_html/image/cache/catalog\500-galereja\403-domkarkas1628m.kv.dk-163n.otr\domkarkasnyj163m.kv.novootradnoekrymderevjannyedomaizsrubakarkasnyestroenijawww.srubkrym.com(142)-100x100.jpg): failed to open stream: No such file or directory in C:\Server\domains\srub.loc\public_html\system\library\image.php on line 64
2017-04-05 10:55:11 - PHP Warning:  imagejpeg(C:/Server/domains/srub.loc/public_html/image/cache/catalog\500-galereja\403-domkarkas1628m.kv.dk-163n.otr\domkarkasnyj163m.kv.novootradnoekrymderevjannyedomaizsrubakarkasnyestroenijawww.srubkrym.com(143)-100x100.jpg): failed to open stream: No such file or directory in C:\Server\domains\srub.loc\public_html\system\library\image.php on line 64
2017-04-05 10:55:11 - PHP Warning:  imagejpeg(C:/Server/domains/srub.loc/public_html/image/cache/catalog\500-galereja\403-domkarkas1628m.kv.dk-163n.otr\domkarkasnyj163m.kv.novootradnoekrymderevjannyedomaizsrubakarkasnyestroenijawww.srubkrym.com(144)-100x100.jpg): failed to open stream: No such file or directory in C:\Server\domains\srub.loc\public_html\system\library\image.php on line 64
2017-04-05 10:55:12 - PHP Warning:  imagejpeg(C:/Server/domains/srub.loc/public_html/image/cache/catalog\500-galereja\403-domkarkas1628m.kv.dk-163n.otr\domkarkasnyj163m.kv.novootradnoekrymderevjannyedomaizsrubakarkasnyestroenijawww.srubkrym.com(145)-100x100.jpg): failed to open stream: No such file or directory in C:\Server\domains\srub.loc\public_html\system\library\image.php on line 64
2017-04-05 10:55:12 - PHP Warning:  imagejpeg(C:/Server/domains/srub.loc/public_html/image/cache/catalog\500-galereja\403-domkarkas1628m.kv.dk-163n.otr\domkarkasnyj163m.kv.novootradnoekrymderevjannyedomaizsrubakarkasnyestroenijawww.srubkrym.com(146)-100x100.jpg): failed to open stream: No such file or directory in C:\Server\domains\srub.loc\public_html\system\library\image.php on line 64
2017-04-05 10:55:12 - PHP Warning:  imagejpeg(C:/Server/domains/srub.loc/public_html/image/cache/catalog\500-galereja\403-domkarkas1628m.kv.dk-163n.otr\domkarkasnyj163m.kv.novootradnoekrymderevjannyedomaizsrubakarkasnyestroenijawww.srubkrym.com(147)-100x100.jpg): failed to open stream: No such file or directory in C:\Server\domains\srub.loc\public_html\system\library\image.php on line 64
2017-04-05 10:55:12 - PHP Warning:  imagejpeg(C:/Server/domains/srub.loc/public_html/image/cache/catalog\500-galereja\403-domkarkas1628m.kv.dk-163n.otr\domkarkasnyj163m.kv.novootradnoekrymderevjannyedomaizsrubakarkasnyestroenijawww.srubkrym.com(148)-100x100.jpg): failed to open stream: No such file or directory in C:\Server\domains\srub.loc\public_html\system\library\image.php on line 64
2017-04-05 10:55:13 - PHP Warning:  imagejpeg(C:/Server/domains/srub.loc/public_html/image/cache/catalog\500-galereja\403-domkarkas1628m.kv.dk-163n.otr\domkarkasnyj163m.kv.novootradnoekrymderevjannyedomaizsrubakarkasnyestroenijawww.srubkrym.com(149)-100x100.jpg): failed to open stream: No such file or directory in C:\Server\domains\srub.loc\public_html\system\library\image.php on line 64
2017-04-05 10:55:13 - PHP Warning:  imagejpeg(C:/Server/domains/srub.loc/public_html/image/cache/catalog\500-galereja\403-domkarkas1628m.kv.dk-163n.otr\domkarkasnyj163m.kv.novootradnoekrymderevjannyedomaizsrubakarkasnyestroenijawww.srubkrym.com(150)-100x100.jpg): failed to open stream: No such file or directory in C:\Server\domains\srub.loc\public_html\system\library\image.php on line 64
2017-04-05 10:55:13 - PHP Warning:  imagejpeg(C:/Server/domains/srub.loc/public_html/image/cache/catalog\500-galereja\403-domkarkas1628m.kv.dk-163n.otr\domkarkasnyj163m.kv.novootradnoekrymderevjannyedomaizsrubakarkasnyestroenijawww.srubkrym.com(151)-100x100.jpg): failed to open stream: No such file or directory in C:\Server\domains\srub.loc\public_html\system\library\image.php on line 64
2017-04-05 10:55:13 - PHP Warning:  imagejpeg(C:/Server/domains/srub.loc/public_html/image/cache/catalog\500-galereja\403-domkarkas1628m.kv.dk-163n.otr\domkarkasnyj163m.kv.novootradnoekrymderevjannyedomaizsrubakarkasnyestroenijawww.srubkrym.com(152)-100x100.jpg): failed to open stream: No such file or directory in C:\Server\domains\srub.loc\public_html\system\library\image.php on line 64
2017-04-05 10:55:14 - PHP Warning:  imagejpeg(C:/Server/domains/srub.loc/public_html/image/cache/catalog\500-galereja\403-domkarkas1628m.kv.dk-163n.otr\domkarkasnyj163m.kv.novootradnoekrymderevjannyedomaizsrubakarkasnyestroenijawww.srubkrym.com(153)-100x100.jpg): failed to open stream: No such file or directory in C:\Server\domains\srub.loc\public_html\system\library\image.php on line 64
2017-04-05 10:55:14 - PHP Warning:  imagejpeg(C:/Server/domains/srub.loc/public_html/image/cache/catalog\500-galereja\403-domkarkas1628m.kv.dk-163n.otr\domkarkasnyj163m.kv.novootradnoekrymderevjannyedomaizsrubakarkasnyestroenijawww.srubkrym.com(154)-100x100.jpg): failed to open stream: No such file or directory in C:\Server\domains\srub.loc\public_html\system\library\image.php on line 64
2017-04-05 10:55:14 - PHP Warning:  imagejpeg(C:/Server/domains/srub.loc/public_html/image/cache/catalog\500-galereja\403-domkarkas1628m.kv.dk-163n.otr\domkarkasnyj163m.kv.novootradnoekrymderevjannyedomaizsrubakarkasnyestroenijawww.srubkrym.com(155)-100x100.jpg): failed to open stream: No such file or directory in C:\Server\domains\srub.loc\public_html\system\library\image.php on line 64
2017-04-05 10:55:15 - PHP Warning:  imagejpeg(C:/Server/domains/srub.loc/public_html/image/cache/catalog\500-galereja\403-domkarkas1628m.kv.dk-163n.otr\domkarkasnyj163m.kv.novootradnoekrymderevjannyedomaizsrubakarkasnyestroenijawww.srubkrym.com(156)-100x100.jpg): failed to open stream: No such file or directory in C:\Server\domains\srub.loc\public_html\system\library\image.php on line 64
2017-04-05 10:55:15 - PHP Warning:  imagejpeg(C:/Server/domains/srub.loc/public_html/image/cache/catalog\500-galereja\403-domkarkas1628m.kv.dk-163n.otr\domkarkasnyj163m.kv.novootradnoekrymderevjannyedomaizsrubakarkasnyestroenijawww.srubkrym.com(157)-100x100.jpg): failed to open stream: No such file or directory in C:\Server\domains\srub.loc\public_html\system\library\image.php on line 64
2017-04-05 10:55:15 - PHP Warning:  imagejpeg(C:/Server/domains/srub.loc/public_html/image/cache/catalog\500-galereja\403-domkarkas1628m.kv.dk-163n.otr\domkarkasnyj163m.kv.novootradnoekrymderevjannyedomaizsrubakarkasnyestroenijawww.srubkrym.com(158)-100x100.jpg): failed to open stream: No such file or directory in C:\Server\domains\srub.loc\public_html\system\library\image.php on line 64
2017-04-05 10:55:15 - PHP Warning:  imagejpeg(C:/Server/domains/srub.loc/public_html/image/cache/catalog\500-galereja\403-domkarkas1628m.kv.dk-163n.otr\domkarkasnyj163m.kv.novootradnoekrymderevjannyedomaizsrubakarkasnyestroenijawww.srubkrym.com(159)-100x100.jpg): failed to open stream: No such file or directory in C:\Server\domains\srub.loc\public_html\system\library\image.php on line 64
2017-04-05 10:55:16 - PHP Warning:  imagejpeg(C:/Server/domains/srub.loc/public_html/image/cache/catalog\500-galereja\403-domkarkas1628m.kv.dk-163n.otr\domkarkasnyj163m.kv.novootradnoekrymderevjannyedomaizsrubakarkasnyestroenijawww.srubkrym.com(160)-100x100.jpg): failed to open stream: No such file or directory in C:\Server\domains\srub.loc\public_html\system\library\image.php on line 64
2017-04-05 10:55:16 - PHP Warning:  imagejpeg(C:/Server/domains/srub.loc/public_html/image/cache/catalog\500-galereja\403-domkarkas1628m.kv.dk-163n.otr\domkarkasnyj163m.kv.novootradnoekrymderevjannyedomaizsrubakarkasnyestroenijawww.srubkrym.com(161)-100x100.jpg): failed to open stream: No such file or directory in C:\Server\domains\srub.loc\public_html\system\library\image.php on line 64
2017-04-05 10:55:16 - PHP Warning:  imagejpeg(C:/Server/domains/srub.loc/public_html/image/cache/catalog\500-galereja\403-domkarkas1628m.kv.dk-163n.otr\domkarkasnyj163m.kv.novootradnoekrymderevjannyedomaizsrubakarkasnyestroenijawww.srubkrym.com(162)-100x100.jpg): failed to open stream: No such file or directory in C:\Server\domains\srub.loc\public_html\system\library\image.php on line 64
2017-04-05 10:57:39 - PHP Warning:  imagejpeg(C:/Server/domains/srub.loc/public_html/image/cache/catalog\500-galereja\403-domkarkas1628m.kv.dk-163n.otr\domkarkasnyj163m.kv.novootradnoekrymderevjannyedomaizsrubakarkasnyestroenijawww.srubkrym.com(121)-100x100.jpg): failed to open stream: No such file or directory in C:\Server\domains\srub.loc\public_html\system\library\image.php on line 64
2017-04-05 10:57:42 - PHP Warning:  imagejpeg(C:/Server/domains/srub.loc/public_html/image/cache/catalog\500-galereja\403-domkarkas1628m.kv.dk-163n.otr\domkarkasnyj163m.kv.novootradnoekrymderevjannyedomaizsrubakarkasnyestroenijawww.srubkrym.com(121)-100x100.jpg): failed to open stream: No such file or directory in C:\Server\domains\srub.loc\public_html\system\library\image.php on line 64
2017-04-05 10:57:46 - PHP Warning:  imagejpeg(C:/Server/domains/srub.loc/public_html/image/cache/catalog\500-galereja\403-domkarkas1628m.kv.dk-163n.otr\domkarkasnyj163m.kv.novootradnoekrymderevjannyedomaizsrubakarkasnyestroenijawww.srubkrym.com(131)-100x100.jpg): failed to open stream: No such file or directory in C:\Server\domains\srub.loc\public_html\system\library\image.php on line 64
2017-04-05 10:58:48 - PHP Warning:  imagejpeg(C:/Server/domains/srub.loc/public_html/image/cache/catalog\500-galereja\403-domkarkas1628m.kv.dk-163n.otr\domkarkasnyj163m.kv.novootradnoekrymderevjannyedomaizsrubakarkasnyestroenijawww.srubkrym.com(126)-100x100.jpg): failed to open stream: No such file or directory in C:\Server\domains\srub.loc\public_html\system\library\image.php on line 64
2017-04-05 10:59:17 - PHP Warning:  imagejpeg(C:/Server/domains/srub.loc/public_html/image/cache/catalog\500-galereja\403-domkarkas1628m.kv.dk-163n.otr\domkarkasnyj163m.kv.novootradnoekrymderevjannyedomaizsrubakarkasnyestroenijawww.srubkrym.com(0)-100x100.jpg): failed to open stream: No such file or directory in C:\Server\domains\srub.loc\public_html\system\library\image.php on line 64
2017-04-05 10:59:19 - PHP Warning:  imagejpeg(C:/Server/domains/srub.loc/public_html/image/cache/catalog\500-galereja\403-domkarkas1628m.kv.dk-163n.otr\domkarkasnyj163m.kv.novootradnoekrymderevjannyedomaizsrubakarkasnyestroenijawww.srubkrym.com(0)-100x100.jpg): failed to open stream: No such file or directory in C:\Server\domains\srub.loc\public_html\system\library\image.php on line 64
2017-04-05 10:59:19 - PHP Warning:  imagejpeg(C:/Server/domains/srub.loc/public_html/image/cache/catalog\500-galereja\403-domkarkas1628m.kv.dk-163n.otr\domkarkasnyj163m.kv.novootradnoekrymderevjannyedomaizsrubakarkasnyestroenijawww.srubkrym.com(121)-100x100.jpg): failed to open stream: No such file or directory in C:\Server\domains\srub.loc\public_html\system\library\image.php on line 64
2017-04-05 10:59:21 - PHP Warning:  imagejpeg(C:/Server/domains/srub.loc/public_html/image/cache/catalog\500-galereja\403-domkarkas1628m.kv.dk-163n.otr\domkarkasnyj163m.kv.novootradnoekrymderevjannyedomaizsrubakarkasnyestroenijawww.srubkrym.com(131)-100x100.jpg): failed to open stream: No such file or directory in C:\Server\domains\srub.loc\public_html\system\library\image.php on line 64
2017-04-05 10:59:24 - PHP Warning:  imagejpeg(C:/Server/domains/srub.loc/public_html/image/cache/catalog\500-galereja\403-domkarkas1628m.kv.dk-163n.otr\domkarkasnyj163m.kv.novootradnoekrymderevjannyedomaizsrubakarkasnyestroenijawww.srubkrym.com(131)-100x100.jpg): failed to open stream: No such file or directory in C:\Server\domains\srub.loc\public_html\system\library\image.php on line 64
2017-04-05 11:02:14 - PHP Warning:  imagejpeg(C:/Server/domains/srub.loc/public_html/image/cache/catalog\500-galereja\403-domkarkas1628m.kv.dk-163n.otr\domkarkasnyj163m.kv.novootradnoekrymderevjannyedomaizsrubakarkasnyestroenijawww.srubkrym.com(0)-100x100.jpg): failed to open stream: No such file or directory in C:\Server\domains\srub.loc\public_html\system\library\image.php on line 64
2017-04-05 11:02:16 - PHP Warning:  imagejpeg(C:/Server/domains/srub.loc/public_html/image/cache/catalog\500-galereja\403-domkarkas1628m.kv.dk-163n.otr\domkarkasnyj163m.kv.novootradnoekrymderevjannyedomaizsrubakarkasnyestroenijawww.srubkrym.com(121)-100x100.jpg): failed to open stream: No such file or directory in C:\Server\domains\srub.loc\public_html\system\library\image.php on line 64
2017-04-05 11:02:19 - PHP Warning:  imagejpeg(C:/Server/domains/srub.loc/public_html/image/cache/catalog\500-galereja\403-domkarkas1628m.kv.dk-163n.otr\domkarkasnyj163m.kv.novootradnoekrymderevjannyedomaizsrubakarkasnyestroenijawww.srubkrym.com(130)-100x100.jpg): failed to open stream: No such file or directory in C:\Server\domains\srub.loc\public_html\system\library\image.php on line 64
2017-04-05 11:03:33 - PHP Warning:  imagejpeg(C:/Server/domains/srub.loc/public_html/image/cache/catalog\500-galereja\403-domkarkas1628m.kv.dk-163n.otr\domkarkasnyj163m.kv.novootradnoekrymderevjannyedomaizsrubakarkasnyestroenijawww.srubkrym.com(193)-100x100.jpg): failed to open stream: No such file or directory in C:\Server\domains\srub.loc\public_html\system\library\image.php on line 64
2017-04-05 11:03:35 - PHP Warning:  imagejpeg(C:/Server/domains/srub.loc/public_html/image/cache/catalog\500-galereja\403-domkarkas1628m.kv.dk-163n.otr\domkarkasnyj163m.kv.novootradnoekrymderevjannyedomaizsrubakarkasnyestroenijawww.srubkrym.com(190)-100x100.jpg): failed to open stream: No such file or directory in C:\Server\domains\srub.loc\public_html\system\library\image.php on line 64
2017-04-05 11:04:08 - PHP Warning:  imagejpeg(C:/Server/domains/srub.loc/public_html/image/cache/catalog\500-galereja\403-domkarkas1628m.kv.dk-163n.otr\domkarkasnyj163m.kv.novootradnoekrymderevjannyedomaizsrubakarkasnyestroenijawww.srubkrym.com(0)-100x100.jpg): failed to open stream: No such file or directory in C:\Server\domains\srub.loc\public_html\system\library\image.php on line 64
2017-04-05 11:04:09 - PHP Warning:  imagejpeg(C:/Server/domains/srub.loc/public_html/image/cache/catalog\500-galereja\403-domkarkas1628m.kv.dk-163n.otr\domkarkasnyj163m.kv.novootradnoekrymderevjannyedomaizsrubakarkasnyestroenijawww.srubkrym.com(121)-100x100.jpg): failed to open stream: No such file or directory in C:\Server\domains\srub.loc\public_html\system\library\image.php on line 64
2017-04-05 11:04:10 - PHP Warning:  imagejpeg(C:/Server/domains/srub.loc/public_html/image/cache/catalog\500-galereja\403-domkarkas1628m.kv.dk-163n.otr\domkarkasnyj163m.kv.novootradnoekrymderevjannyedomaizsrubakarkasnyestroenijawww.srubkrym.com(122)-100x100.jpg): failed to open stream: No such file or directory in C:\Server\domains\srub.loc\public_html\system\library\image.php on line 64
2017-04-05 11:05:02 - PHP Warning:  imagejpeg(C:/Server/domains/srub.loc/public_html/image/cache/catalog\500-galereja\403-domkarkas1628m.kv.dk-163n.otr\domkarkasnyj163m.kv.novootradnoekrymderevjannyedomaizsrubakarkasnyestroenijawww.srubkrym.com(0)-100x100.jpg): failed to open stream: No such file or directory in C:\Server\domains\srub.loc\public_html\system\library\image.php on line 64
2017-04-05 11:05:03 - PHP Warning:  imagejpeg(C:/Server/domains/srub.loc/public_html/image/cache/catalog\500-galereja\403-domkarkas1628m.kv.dk-163n.otr\domkarkasnyj163m.kv.novootradnoekrymderevjannyedomaizsrubakarkasnyestroenijawww.srubkrym.com(121)-100x100.jpg): failed to open stream: No such file or directory in C:\Server\domains\srub.loc\public_html\system\library\image.php on line 64
2017-04-05 11:05:03 - PHP Warning:  imagejpeg(C:/Server/domains/srub.loc/public_html/image/cache/catalog\500-galereja\403-domkarkas1628m.kv.dk-163n.otr\domkarkasnyj163m.kv.novootradnoekrymderevjannyedomaizsrubakarkasnyestroenijawww.srubkrym.com(122)-100x100.jpg): failed to open stream: No such file or directory in C:\Server\domains\srub.loc\public_html\system\library\image.php on line 64
2017-04-05 11:05:03 - PHP Warning:  imagejpeg(C:/Server/domains/srub.loc/public_html/image/cache/catalog\500-galereja\403-domkarkas1628m.kv.dk-163n.otr\domkarkasnyj163m.kv.novootradnoekrymderevjannyedomaizsrubakarkasnyestroenijawww.srubkrym.com(123)-100x100.jpg): failed to open stream: No such file or directory in C:\Server\domains\srub.loc\public_html\system\library\image.php on line 64
2017-04-05 11:05:03 - PHP Warning:  imagejpeg(C:/Server/domains/srub.loc/public_html/image/cache/catalog\500-galereja\403-domkarkas1628m.kv.dk-163n.otr\domkarkasnyj163m.kv.novootradnoekrymderevjannyedomaizsrubakarkasnyestroenijawww.srubkrym.com(124)-100x100.jpg): failed to open stream: No such file or directory in C:\Server\domains\srub.loc\public_html\system\library\image.php on line 64
2017-04-05 11:05:14 - PHP Warning:  imagejpeg(C:/Server/domains/srub.loc/public_html/image/cache/catalog\500-galereja\403-domkarkas1628m.kv.dk-163n.otr\domkarkasnyj163m.kv.novootradnoekrymderevjannyedomaizsrubakarkasnyestroenijawww.srubkrym.com(121)-100x100.jpg): failed to open stream: No such file or directory in C:\Server\domains\srub.loc\public_html\system\library\image.php on line 64
2017-04-05 11:08:19 - PHP Warning:  imagejpeg(C:/Server/domains/srub.loc/public_html/image/cache/catalog\500-galereja\450-besedkasrub32m.kv.bahchisaraj\besedkasrubocb32m.kv.bahchisarajderevjannyedomaizsrubakarkasnyestroenijawww.srubkrym.com(0)-100x100.jpg): failed to open stream: No such file or directory in C:\Server\domains\srub.loc\public_html\system\library\image.php on line 64
2017-04-05 11:08:19 - PHP Warning:  imagejpeg(C:/Server/domains/srub.loc/public_html/image/cache/catalog\500-galereja\450-besedkasrub32m.kv.bahchisaraj\besedkasrubocb32m.kv.bahchisarajderevjannyedomaizsrubakarkasnyestroenijawww.srubkrym.com(121)-100x100.jpg): failed to open stream: No such file or directory in C:\Server\domains\srub.loc\public_html\system\library\image.php on line 64
2017-04-05 11:08:19 - PHP Warning:  imagejpeg(C:/Server/domains/srub.loc/public_html/image/cache/catalog\500-galereja\450-besedkasrub32m.kv.bahchisaraj\besedkasrubocb32m.kv.bahchisarajderevjannyedomaizsrubakarkasnyestroenijawww.srubkrym.com(122)-100x100.jpg): failed to open stream: No such file or directory in C:\Server\domains\srub.loc\public_html\system\library\image.php on line 64
2017-04-05 11:08:20 - PHP Warning:  imagejpeg(C:/Server/domains/srub.loc/public_html/image/cache/catalog\500-galereja\450-besedkasrub32m.kv.bahchisaraj\besedkasrubocb32m.kv.bahchisarajderevjannyedomaizsrubakarkasnyestroenijawww.srubkrym.com(123)-100x100.jpg): failed to open stream: No such file or directory in C:\Server\domains\srub.loc\public_html\system\library\image.php on line 64
2017-04-05 11:08:20 - PHP Warning:  imagejpeg(C:/Server/domains/srub.loc/public_html/image/cache/catalog\500-galereja\450-besedkasrub32m.kv.bahchisaraj\besedkasrubocb32m.kv.bahchisarajderevjannyedomaizsrubakarkasnyestroenijawww.srubkrym.com(124)-100x100.jpg): failed to open stream: No such file or directory in C:\Server\domains\srub.loc\public_html\system\library\image.php on line 64
2017-04-05 11:08:20 - PHP Warning:  imagejpeg(C:/Server/domains/srub.loc/public_html/image/cache/catalog\500-galereja\450-besedkasrub32m.kv.bahchisaraj\besedkasrubocb32m.kv.bahchisarajderevjannyedomaizsrubakarkasnyestroenijawww.srubkrym.com(125)-100x100.jpg): failed to open stream: No such file or directory in C:\Server\domains\srub.loc\public_html\system\library\image.php on line 64
2017-04-05 11:08:21 - PHP Warning:  imagejpeg(C:/Server/domains/srub.loc/public_html/image/cache/catalog\500-galereja\450-besedkasrub32m.kv.bahchisaraj\besedkasrubocb32m.kv.bahchisarajderevjannyedomaizsrubakarkasnyestroenijawww.srubkrym.com(126)-100x100.jpg): failed to open stream: No such file or directory in C:\Server\domains\srub.loc\public_html\system\library\image.php on line 64
2017-04-05 11:08:21 - PHP Warning:  imagejpeg(C:/Server/domains/srub.loc/public_html/image/cache/catalog\500-galereja\450-besedkasrub32m.kv.bahchisaraj\besedkasrubocb32m.kv.bahchisarajderevjannyedomaizsrubakarkasnyestroenijawww.srubkrym.com(127)-100x100.jpg): failed to open stream: No such file or directory in C:\Server\domains\srub.loc\public_html\system\library\image.php on line 64
2017-04-05 11:08:21 - PHP Warning:  imagejpeg(C:/Server/domains/srub.loc/public_html/image/cache/catalog\500-galereja\450-besedkasrub32m.kv.bahchisaraj\besedkasrubocb32m.kv.bahchisarajderevjannyedomaizsrubakarkasnyestroenijawww.srubkrym.com(128)-100x100.jpg): failed to open stream: No such file or directory in C:\Server\domains\srub.loc\public_html\system\library\image.php on line 64
2017-04-05 11:08:22 - PHP Warning:  imagejpeg(C:/Server/domains/srub.loc/public_html/image/cache/catalog\500-galereja\450-besedkasrub32m.kv.bahchisaraj\besedkasrubocb32m.kv.bahchisarajderevjannyedomaizsrubakarkasnyestroenijawww.srubkrym.com(129)-100x100.jpg): failed to open stream: No such file or directory in C:\Server\domains\srub.loc\public_html\system\library\image.php on line 64
2017-04-05 11:08:22 - PHP Warning:  imagejpeg(C:/Server/domains/srub.loc/public_html/image/cache/catalog\500-galereja\450-besedkasrub32m.kv.bahchisaraj\besedkasrubocb32m.kv.bahchisarajderevjannyedomaizsrubakarkasnyestroenijawww.srubkrym.com(130)-100x100.jpg): failed to open stream: No such file or directory in C:\Server\domains\srub.loc\public_html\system\library\image.php on line 64
2017-04-05 11:08:22 - PHP Warning:  imagejpeg(C:/Server/domains/srub.loc/public_html/image/cache/catalog\500-galereja\450-besedkasrub32m.kv.bahchisaraj\besedkasrubocb32m.kv.bahchisarajderevjannyedomaizsrubakarkasnyestroenijawww.srubkrym.com(131)-100x100.jpg): failed to open stream: No such file or directory in C:\Server\domains\srub.loc\public_html\system\library\image.php on line 64
2017-04-05 11:08:23 - PHP Warning:  imagejpeg(C:/Server/domains/srub.loc/public_html/image/cache/catalog\500-galereja\450-besedkasrub32m.kv.bahchisaraj\besedkasrubocb32m.kv.bahchisarajderevjannyedomaizsrubakarkasnyestroenijawww.srubkrym.com(132)-100x100.jpg): failed to open stream: No such file or directory in C:\Server\domains\srub.loc\public_html\system\library\image.php on line 64
2017-04-05 11:08:23 - PHP Warning:  imagejpeg(C:/Server/domains/srub.loc/public_html/image/cache/catalog\500-galereja\450-besedkasrub32m.kv.bahchisaraj\besedkasrubocb32m.kv.bahchisarajderevjannyedomaizsrubakarkasnyestroenijawww.srubkrym.com(133)-100x100.jpg): failed to open stream: No such file or directory in C:\Server\domains\srub.loc\public_html\system\library\image.php on line 64
2017-04-05 11:08:24 - PHP Warning:  imagejpeg(C:/Server/domains/srub.loc/public_html/image/cache/catalog\500-galereja\450-besedkasrub32m.kv.bahchisaraj\besedkasrubocb32m.kv.bahchisarajderevjannyedomaizsrubakarkasnyestroenijawww.srubkrym.com(134)-100x100.jpg): failed to open stream: No such file or directory in C:\Server\domains\srub.loc\public_html\system\library\image.php on line 64
2017-04-05 11:08:24 - PHP Warning:  imagejpeg(C:/Server/domains/srub.loc/public_html/image/cache/catalog\500-galereja\450-besedkasrub32m.kv.bahchisaraj\besedkasrubocb32m.kv.bahchisarajderevjannyedomaizsrubakarkasnyestroenijawww.srubkrym.com(135)-100x100.jpg): failed to open stream: No such file or directory in C:\Server\domains\srub.loc\public_html\system\library\image.php on line 64
2017-04-05 11:08:44 - PHP Warning:  imagejpeg(C:/Server/domains/srub.loc/public_html/image/cache/catalog\500-galereja\455-besedki_brus4m.kv.saki\besedkabrusa2h18mna6cheloveksakiderevjannyedomaizsrubakarkasnyestroenijawww.srubkrym.com(0)-100x100.jpg): failed to open stream: No such file or directory in C:\Server\domains\srub.loc\public_html\system\library\image.php on line 64
2017-04-05 11:08:44 - PHP Warning:  imagejpeg(C:/Server/domains/srub.loc/public_html/image/cache/catalog\500-galereja\455-besedki_brus4m.kv.saki\besedkabrusa2h18mna6cheloveksakiderevjannyedomaizsrubakarkasnyestroenijawww.srubkrym.com(11)-100x100.jpg): failed to open stream: No such file or directory in C:\Server\domains\srub.loc\public_html\system\library\image.php on line 64
2017-04-05 11:08:45 - PHP Warning:  imagejpeg(C:/Server/domains/srub.loc/public_html/image/cache/catalog\500-galereja\455-besedki_brus4m.kv.saki\besedkabrusa2h18mna6cheloveksakiderevjannyedomaizsrubakarkasnyestroenijawww.srubkrym.com(12)-100x100.jpg): failed to open stream: No such file or directory in C:\Server\domains\srub.loc\public_html\system\library\image.php on line 64
2017-04-05 11:08:45 - PHP Warning:  imagejpeg(C:/Server/domains/srub.loc/public_html/image/cache/catalog\500-galereja\455-besedki_brus4m.kv.saki\besedkabrusa2h18mna6cheloveksakiderevjannyedomaizsrubakarkasnyestroenijawww.srubkrym.com(13)-100x100.jpg): failed to open stream: No such file or directory in C:\Server\domains\srub.loc\public_html\system\library\image.php on line 64
2017-04-05 11:08:45 - PHP Warning:  imagejpeg(C:/Server/domains/srub.loc/public_html/image/cache/catalog\500-galereja\455-besedki_brus4m.kv.saki\besedkabrusa2h18mna6cheloveksakiderevjannyedomaizsrubakarkasnyestroenijawww.srubkrym.com(14)-100x100.jpg): failed to open stream: No such file or directory in C:\Server\domains\srub.loc\public_html\system\library\image.php on line 64
2017-04-05 11:08:45 - PHP Warning:  imagejpeg(C:/Server/domains/srub.loc/public_html/image/cache/catalog\500-galereja\455-besedki_brus4m.kv.saki\besedkabrusa2h18mna6cheloveksakiderevjannyedomaizsrubakarkasnyestroenijawww.srubkrym.com(15)-100x100.jpg): failed to open stream: No such file or directory in C:\Server\domains\srub.loc\public_html\system\library\image.php on line 64
2017-04-05 11:08:46 - PHP Warning:  imagejpeg(C:/Server/domains/srub.loc/public_html/image/cache/catalog\500-galereja\455-besedki_brus4m.kv.saki\besedkabrusa2h18mna6cheloveksakiderevjannyedomaizsrubakarkasnyestroenijawww.srubkrym.com(16)-100x100.jpg): failed to open stream: No such file or directory in C:\Server\domains\srub.loc\public_html\system\library\image.php on line 64
2017-04-05 11:08:46 - PHP Warning:  imagejpeg(C:/Server/domains/srub.loc/public_html/image/cache/catalog\500-galereja\455-besedki_brus4m.kv.saki\besedkabrusa2h18mna6cheloveksakiderevjannyedomaizsrubakarkasnyestroenijawww.srubkrym.com(17)-100x100.jpg): failed to open stream: No such file or directory in C:\Server\domains\srub.loc\public_html\system\library\image.php on line 64
2017-04-05 11:08:47 - PHP Warning:  imagejpeg(C:/Server/domains/srub.loc/public_html/image/cache/catalog\500-galereja\455-besedki_brus4m.kv.saki\besedkabrusa2h18mna6cheloveksakiderevjannyedomaizsrubakarkasnyestroenijawww.srubkrym.com(18)-100x100.jpg): failed to open stream: No such file or directory in C:\Server\domains\srub.loc\public_html\system\library\image.php on line 64
2017-04-05 11:08:47 - PHP Warning:  imagejpeg(C:/Server/domains/srub.loc/public_html/image/cache/catalog\500-galereja\455-besedki_brus4m.kv.saki\besedkabrusa2h18mna6cheloveksakiderevjannyedomaizsrubakarkasnyestroenijawww.srubkrym.com(19)-100x100.jpg): failed to open stream: No such file or directory in C:\Server\domains\srub.loc\public_html\system\library\image.php on line 64
2017-04-05 11:08:47 - PHP Warning:  imagejpeg(C:/Server/domains/srub.loc/public_html/image/cache/catalog\500-galereja\455-besedki_brus4m.kv.saki\besedkabrusa2h18mna6cheloveksakiderevjannyedomaizsrubakarkasnyestroenijawww.srubkrym.com(20)-100x100.jpg): failed to open stream: No such file or directory in C:\Server\domains\srub.loc\public_html\system\library\image.php on line 64
2017-04-05 11:08:48 - PHP Warning:  imagejpeg(C:/Server/domains/srub.loc/public_html/image/cache/catalog\500-galereja\455-besedki_brus4m.kv.saki\besedkabrusa2h18mna6cheloveksakiderevjannyedomaizsrubakarkasnyestroenijawww.srubkrym.com(21)-100x100.jpg): failed to open stream: No such file or directory in C:\Server\domains\srub.loc\public_html\system\library\image.php on line 64
2017-04-05 11:08:48 - PHP Warning:  imagejpeg(C:/Server/domains/srub.loc/public_html/image/cache/catalog\500-galereja\455-besedki_brus4m.kv.saki\besedkabrusa2h18mna6cheloveksakiderevjannyedomaizsrubakarkasnyestroenijawww.srubkrym.com(22)-100x100.jpg): failed to open stream: No such file or directory in C:\Server\domains\srub.loc\public_html\system\library\image.php on line 64
2017-04-05 11:08:48 - PHP Warning:  imagejpeg(C:/Server/domains/srub.loc/public_html/image/cache/catalog\500-galereja\455-besedki_brus4m.kv.saki\besedkabrusa2h18mna6cheloveksakiderevjannyedomaizsrubakarkasnyestroenijawww.srubkrym.com(23)-100x100.jpg): failed to open stream: No such file or directory in C:\Server\domains\srub.loc\public_html\system\library\image.php on line 64
2017-04-05 11:08:49 - PHP Warning:  imagejpeg(C:/Server/domains/srub.loc/public_html/image/cache/catalog\500-galereja\455-besedki_brus4m.kv.saki\besedkabrusa2h18mna6cheloveksakiderevjannyedomaizsrubakarkasnyestroenijawww.srubkrym.com(24)-100x100.jpg): failed to open stream: No such file or directory in C:\Server\domains\srub.loc\public_html\system\library\image.php on line 64
2017-04-05 11:08:49 - PHP Warning:  imagejpeg(C:/Server/domains/srub.loc/public_html/image/cache/catalog\500-galereja\455-besedki_brus4m.kv.saki\besedkabrusa2h18mna6cheloveksakiderevjannyedomaizsrubakarkasnyestroenijawww.srubkrym.com(25)-100x100.jpg): failed to open stream: No such file or directory in C:\Server\domains\srub.loc\public_html\system\library\image.php on line 64
2017-04-05 11:08:54 - PHP Warning:  imagejpeg(C:/Server/domains/srub.loc/public_html/image/cache/catalog\500-galereja\455-besedki_brus4m.kv.saki\besedkabrusa2h18mna6cheloveksakiderevjannyedomaizsrubakarkasnyestroenijawww.srubkrym.com(20)-100x100.jpg): failed to open stream: No such file or directory in C:\Server\domains\srub.loc\public_html\system\library\image.php on line 64
2017-04-05 11:08:56 - PHP Warning:  imagejpeg(C:/Server/domains/srub.loc/public_html/image/cache/catalog\500-galereja\455-besedki_brus4m.kv.saki\besedkabrusa2h18mna6cheloveksakiderevjannyedomaizsrubakarkasnyestroenijawww.srubkrym.com(25)-100x100.jpg): failed to open stream: No such file or directory in C:\Server\domains\srub.loc\public_html\system\library\image.php on line 64
2017-04-05 11:09:08 - PHP Warning:  imagejpeg(C:/Server/domains/srub.loc/public_html/image/cache/catalog\500-galereja\455-besedki_brus4m.kv.saki\besedkabrusa2h18mna6cheloveksakiderevjannyedomaizsrubakarkasnyestroenijawww.srubkrym.com(15)-100x100.jpg): failed to open stream: No such file or directory in C:\Server\domains\srub.loc\public_html\system\library\image.php on line 64
2017-04-05 11:09:11 - PHP Warning:  imagejpeg(C:/Server/domains/srub.loc/public_html/image/cache/catalog\500-galereja\455-besedki_brus4m.kv.saki\besedkabrusa2h18mna6cheloveksakiderevjannyedomaizsrubakarkasnyestroenijawww.srubkrym.com(15)-100x100.jpg): failed to open stream: No such file or directory in C:\Server\domains\srub.loc\public_html\system\library\image.php on line 64
2017-04-05 11:17:51 - PHP Warning:  imagejpeg(C:/Server/domains/srub.loc/public_html/image/cache/catalog\500-galereja\455-besedki_brus4m.kv.saki\besedkabrusa2h18mna6cheloveksakiderevjannyedomaizsrubakarkasnyestroenijawww.srubkrym.com(0)-100x100.jpg): failed to open stream: No such file or directory in C:\Server\domains\srub.loc\public_html\system\library\image.php on line 64
2017-04-05 11:17:54 - PHP Warning:  imagejpeg(C:/Server/domains/srub.loc/public_html/image/cache/catalog\500-galereja\455-besedki_brus4m.kv.saki\besedkabrusa2h18mna6cheloveksakiderevjannyedomaizsrubakarkasnyestroenijawww.srubkrym.com(0)-100x100.jpg): failed to open stream: No such file or directory in C:\Server\domains\srub.loc\public_html\system\library\image.php on line 64
2017-04-05 11:17:54 - PHP Warning:  imagejpeg(C:/Server/domains/srub.loc/public_html/image/cache/catalog\500-galereja\455-besedki_brus4m.kv.saki\besedkabrusa2h18mna6cheloveksakiderevjannyedomaizsrubakarkasnyestroenijawww.srubkrym.com(11)-100x100.jpg): failed to open stream: No such file or directory in C:\Server\domains\srub.loc\public_html\system\library\image.php on line 64
